2022-05-08T15:39:03.047Z  error: Error: 
Invalid `this.prisma.create()` invocation in
/home/nicki/curso_fullstack/full-stack-pet-adoption-nicki182/BE/pet-adoption-be/src/DB/prisma/services.ts:25:42

  22 }
  23 public async create(data: unknown, select: unknown) {
  24   try {
→ 25     const generate = await this.prisma.create(
  The column `name` does not exist in the current database.
2022-05-08T15:39:03.079Z  error: Error: Error: 
Invalid `this.prisma.create()` invocation in
/home/nicki/curso_fullstack/full-stack-pet-adoption-nicki182/BE/pet-adoption-be/src/DB/prisma/services.ts:25:42

  22 }
  23 public async create(data: unknown, select: unknown) {
  24   try {
→ 25     const generate = await this.prisma.create(
  The column `name` does not exist in the current database.
2022-05-08T15:39:03.093Z  error: Error: Error: Error: 
Invalid `this.prisma.create()` invocation in
/home/nicki/curso_fullstack/full-stack-pet-adoption-nicki182/BE/pet-adoption-be/src/DB/prisma/services.ts:25:42

  22 }
  23 public async create(data: unknown, select: unknown) {
  24   try {
→ 25     const generate = await this.prisma.create(
  The column `name` does not exist in the current database.
2022-05-08T15:45:47.007Z  error: Error: 
Invalid `this.prisma.create()` invocation in
/home/nicki/curso_fullstack/full-stack-pet-adoption-nicki182/BE/pet-adoption-be/src/DB/prisma/services.ts:25:42

  22 }
  23 public async create(data: unknown, select: unknown) {
  24   try {
→ 25     const generate = await this.prisma.create(
  The column `name` does not exist in the current database.
2022-05-08T15:45:47.016Z  error: Error: Error: 
Invalid `this.prisma.create()` invocation in
/home/nicki/curso_fullstack/full-stack-pet-adoption-nicki182/BE/pet-adoption-be/src/DB/prisma/services.ts:25:42

  22 }
  23 public async create(data: unknown, select: unknown) {
  24   try {
→ 25     const generate = await this.prisma.create(
  The column `name` does not exist in the current database.
2022-05-08T15:45:47.023Z  error: Error: Error: Error: 
Invalid `this.prisma.create()` invocation in
/home/nicki/curso_fullstack/full-stack-pet-adoption-nicki182/BE/pet-adoption-be/src/DB/prisma/services.ts:25:42

  22 }
  23 public async create(data: unknown, select: unknown) {
  24   try {
→ 25     const generate = await this.prisma.create(
  The column `name` does not exist in the current database.
2022-05-08T15:46:51.624Z  error: Error: 
Invalid `this.prisma.create()` invocation in
/home/nicki/curso_fullstack/full-stack-pet-adoption-nicki182/BE/pet-adoption-be/src/DB/prisma/services.ts:25:42

  22 }
  23 public async create(data: unknown, select: unknown) {
  24   try {
→ 25     const generate = await this.prisma.create(
  The column `name` does not exist in the current database.
2022-05-08T15:46:51.629Z  error: Error: Error: 
Invalid `this.prisma.create()` invocation in
/home/nicki/curso_fullstack/full-stack-pet-adoption-nicki182/BE/pet-adoption-be/src/DB/prisma/services.ts:25:42

  22 }
  23 public async create(data: unknown, select: unknown) {
  24   try {
→ 25     const generate = await this.prisma.create(
  The column `name` does not exist in the current database.
2022-05-08T15:46:51.635Z  error: Error: Error: Error: 
Invalid `this.prisma.create()` invocation in
/home/nicki/curso_fullstack/full-stack-pet-adoption-nicki182/BE/pet-adoption-be/src/DB/prisma/services.ts:25:42

  22 }
  23 public async create(data: unknown, select: unknown) {
  24   try {
→ 25     const generate = await this.prisma.create(
  The column `name` does not exist in the current database.
2022-05-08T15:48:43.487Z  error: Error: 
Invalid `this.prisma.create()` invocation in
/home/nicki/curso_fullstack/full-stack-pet-adoption-nicki182/BE/pet-adoption-be/src/DB/prisma/services.ts:26:42

  23 public async create(data: unknown, select: unknown) {
  24   try {
  25     console.log('data........', data);
→ 26     const generate = await this.prisma.create(
  The column `name` does not exist in the current database.
2022-05-08T15:48:43.493Z  error: Error: Error: 
Invalid `this.prisma.create()` invocation in
/home/nicki/curso_fullstack/full-stack-pet-adoption-nicki182/BE/pet-adoption-be/src/DB/prisma/services.ts:26:42

  23 public async create(data: unknown, select: unknown) {
  24   try {
  25     console.log('data........', data);
→ 26     const generate = await this.prisma.create(
  The column `name` does not exist in the current database.
2022-05-08T15:48:43.494Z  error: Error: Error: Error: 
Invalid `this.prisma.create()` invocation in
/home/nicki/curso_fullstack/full-stack-pet-adoption-nicki182/BE/pet-adoption-be/src/DB/prisma/services.ts:26:42

  23 public async create(data: unknown, select: unknown) {
  24   try {
  25     console.log('data........', data);
→ 26     const generate = await this.prisma.create(
  The column `name` does not exist in the current database.
2022-05-08T15:49:23.738Z  error: Error: 
Invalid `this.prisma.create()` invocation in
/home/nicki/curso_fullstack/full-stack-pet-adoption-nicki182/BE/pet-adoption-be/src/DB/prisma/services.ts:26:42

  23 public async create(data: unknown, select: unknown) {
  24   try {
  25     console.log('data........', data,this.prisma);
→ 26     const generate = await this.prisma.create(
  The column `name` does not exist in the current database.
2022-05-08T15:49:23.746Z  error: Error: Error: 
Invalid `this.prisma.create()` invocation in
/home/nicki/curso_fullstack/full-stack-pet-adoption-nicki182/BE/pet-adoption-be/src/DB/prisma/services.ts:26:42

  23 public async create(data: unknown, select: unknown) {
  24   try {
  25     console.log('data........', data,this.prisma);
→ 26     const generate = await this.prisma.create(
  The column `name` does not exist in the current database.
2022-05-08T15:49:23.748Z  error: Error: Error: Error: 
Invalid `this.prisma.create()` invocation in
/home/nicki/curso_fullstack/full-stack-pet-adoption-nicki182/BE/pet-adoption-be/src/DB/prisma/services.ts:26:42

  23 public async create(data: unknown, select: unknown) {
  24   try {
  25     console.log('data........', data,this.prisma);
→ 26     const generate = await this.prisma.create(
  The column `name` does not exist in the current database.
2022-05-08T15:53:49.132Z  error: Error: 
Invalid `this.prisma.create()` invocation in
/home/nicki/curso_fullstack/full-stack-pet-adoption-nicki182/BE/pet-adoption-be/src/DB/prisma/services.ts:27:42

  24 public async create(data: unknown, select: unknown) {
  25   try {
  26     console.log('data........', data,this.prisma);
→ 27     const generate = await this.prisma.create(
  The column `name` does not exist in the current database.
2022-05-08T15:53:49.160Z  error: Error: Error: 
Invalid `this.prisma.create()` invocation in
/home/nicki/curso_fullstack/full-stack-pet-adoption-nicki182/BE/pet-adoption-be/src/DB/prisma/services.ts:27:42

  24 public async create(data: unknown, select: unknown) {
  25   try {
  26     console.log('data........', data,this.prisma);
→ 27     const generate = await this.prisma.create(
  The column `name` does not exist in the current database.
2022-05-08T15:53:49.178Z  error: Error: Error: Error: 
Invalid `this.prisma.create()` invocation in
/home/nicki/curso_fullstack/full-stack-pet-adoption-nicki182/BE/pet-adoption-be/src/DB/prisma/services.ts:27:42

  24 public async create(data: unknown, select: unknown) {
  25   try {
  26     console.log('data........', data,this.prisma);
→ 27     const generate = await this.prisma.create(
  The column `name` does not exist in the current database.
2022-05-08T16:12:34.755Z  error: Error: 
Invalid `this.prisma.create()` invocation in
/home/nicki/curso_fullstack/full-stack-pet-adoption-nicki182/BE/pet-adoption-be/src/DB/prisma/services.ts:27:42

  24 public async create(data: unknown, select: unknown) {
  25   try {
  26     console.log('data........', data,this.prisma);
→ 27     const generate = await this.prisma.create(
  Unique constraint failed on the fields: (`email`)
2022-05-08T16:12:34.758Z  error: Error: Error: 
Invalid `this.prisma.create()` invocation in
/home/nicki/curso_fullstack/full-stack-pet-adoption-nicki182/BE/pet-adoption-be/src/DB/prisma/services.ts:27:42

  24 public async create(data: unknown, select: unknown) {
  25   try {
  26     console.log('data........', data,this.prisma);
→ 27     const generate = await this.prisma.create(
  Unique constraint failed on the fields: (`email`)
2022-05-08T16:12:34.759Z  error: Error: Error: Error: 
Invalid `this.prisma.create()` invocation in
/home/nicki/curso_fullstack/full-stack-pet-adoption-nicki182/BE/pet-adoption-be/src/DB/prisma/services.ts:27:42

  24 public async create(data: unknown, select: unknown) {
  25   try {
  26     console.log('data........', data,this.prisma);
→ 27     const generate = await this.prisma.create(
  Unique constraint failed on the fields: (`email`)
2022-05-08T16:12:48.634Z  error: ReplyError: ERR value is not an integer or out of range
2022-05-08T16:14:23.311Z  error: ReplyError: ERR value is not an integer or out of range
